"0,99.0,99.0,ip not found,ip not found"
"0,99.0,99.0,ip not found,ip not found"
"2,23.1167,113.25,China,Guangzhou"
"4,-30.954605,-58.783302,Argentina,Federal"
"0,99.0,99.0,ip not found,ip not found"
"6,30.050003,31.25,Egypt,Misr"
"7,39.961197,-82.9988,United States,Columbus"
"0,99.0,99.0,ip not found,ip not found"
"9,48.916702,12.683304,Germany,Bogen"
"0,99.0,99.0,ip not found,ip not found"
"23,40.735504,-74.1741,United States,Newark"
"26,35.7977,-78.6253,United States,Raleigh"
"27,50.4552,-104.6376,Canada,Regina"
"29,34.6409,-110.1126,United States,Snowflake"
"0,99.0,99.0,ip not found,ip not found"
"0,99.0,99.0,ip not found,ip not found"
"0,99.0,99.0,ip not found,ip not found"
"46,39.928894,116.388306,China,Beijing"
"48,37.752106,-97.2782,United States,Wichita"
"49,37.376205,-122.1826,United States,Palo Alto"
"0,99.0,99.0,ip not found,ip not found"
"0,99.0,99.0,ip not found,ip not found"
"0,99.0,99.0,ip not found,ip not found"
"0,99.0,99.0,ip not found,ip not found"
"50,45.315506,-75.837,Canada,Ottawa"
"0,99.0,99.0,ip not found,ip not found"
"0,99.0,99.0,ip not found,ip not found"
"52,35.994003,-78.8986,United States,Durham"
"53,31.527298,-110.3607,United States,Fort Huachuca"
"55,38.864,-77.1922,United States,Falls Church"
"0,99.0,99.0,ip not found,ip not found"
"57,37.3042,-122.094604,United States,Cupertino"
"0,99.0,99.0,ip not found,ip not found"
"0,99.0,99.0,ip not found,ip not found"
"2,31.527298,-110.3607,United States,Fort Huachuca"
"1,43.149307,-77.5081,United States,Rochester"
"0,99.0,99.0,ip not found,ip not found"
"2,29.752304,-95.367,United States,Houston"
"0,99.0,99.0,ip not found,ip not found"
"0,99.0,99.0,ip not found,ip not found"
"0,99.0,99.0,ip not found,ip not found"
"4,39.928894,116.388306,China,Beijing"
"6,35.994003,-78.8986,United States,Durham"
"8,30.666702,104.06671,China,Chengdu"
"8,39.244705,-84.3473,United States,Cincinnati"
"9,40.764893,-111.8434,United States,Salt Lake City"
"0,99.0,99.0,ip not found,ip not found"
"0,99.0,99.0,ip not found,ip not found"
"0,99.0,99.0,ip not found,ip not found"
"0,99.0,99.0,ip not found,ip not found"
"0,99.0,99.0,ip not found,ip not found"
"16,37.7269,112.470795,China,Taiyuan"
"0,99.0,99.0,ip not found,ip not found"
"0,99.0,99.0,ip not found,ip not found"
"0,99.0,99.0,ip not found,ip not found"
"0,99.0,99.0,ip not found,ip not found"
"19,28.1792,113.11359,China,Changsha"
"18,42.079407,-91.5992,United States,Cedar Rapids"
"0,99.0,99.0,ip not found,ip not found"
"21,-34.983307,138.5167,Australia,Glenelg"
"0,99.0,99.0,ip not found,ip not found"
"22,17.375305,78.474396,India,Hyderabad"
"0,99.0,99.0,ip not found,ip not found"
"25,32.061707,118.7778,China,Nanjing"
"20,39.961197,-82.9988,United States,Columbus"
"0,99.0,99.0,ip not found,ip not found"
"26,25.0392,121.524994,Taiwan,Taipei"
"23,39.928894,116.388306,China,Beijing"
"0,99.0,99.0,ip not found,ip not found"
"0,99.0,99.0,ip not found,ip not found"
"29,42.079407,-91.5992,United States,Cedar Rapids"
"0,99.0,99.0,ip not found,ip not found"
"0,99.0,99.0,ip not found,ip not found"
"0,99.0,99.0,ip not found,ip not found"
"3,40.552505,-74.2915,United States,Woodbridge"
"5,39.089203,-77.1835,United States,Rockville"
"0,99.0,99.0,ip not found,ip not found"
"0,99.0,99.0,ip not found,ip not found"
"0,99.0,99.0,ip not found,ip not found"
"10,-15.783295,-47.916702,Brazil,Brasília"
"11,29.752304,-95.367,United States,Houston"
"13,35.684998,139.7514,Japan,Tokyo"
"0,99.0,99.0,ip not found,ip not found"
"15,37.376205,-122.1826,United States,Palo Alto"
"0,99.0,99.0,ip not found,ip not found"
"0,99.0,99.0,ip not found,ip not found"
"2,52.1333,-0.44999695,United Kingdom,Bedford"
"0,99.0,99.0,ip not found,ip not found"
"3,25.0392,121.524994,Taiwan,Taipei"
"0,99.0,99.0,ip not found,ip not found"
"0,99.0,99.0,ip not found,ip not found"
"4,37.376205,-122.1826,United States,Palo Alto"
"6,29.699707,-95.5858,United States,Houston"
"2,42.079407,-91.5992,United States,Cedar Rapids"
"0,99.0,99.0,ip not found,ip not found"
"0,99.0,99.0,ip not found,ip not found"
"0,99.0,99.0,ip not found,ip not found"
"0,99.0,99.0,ip not found,ip not found"
"4,31.863907,117.28079,China,Hefei"
"0,99.0,99.0,ip not found,ip not found"
"0,99.0,99.0,ip not found,ip not found"
"10,39.928894,116.388306,China,Beijing"
"0,99.0,99.0,ip not found,ip not found"
"0,99.0,99.0,ip not found,ip not found"
"12,44.433304,26.100006,Romania,Bucharest"
"0,99.0,99.0,ip not found,ip not found"
"15,-0.21670532,-78.5,Ecuador,Quito"
"0,99.0,99.0,ip not found,ip not found"
"0,99.0,99.0,ip not found,ip not found"
"23,55.298706,28.773895,Belarus,Gomel"
"0,99.0,99.0,ip not found,ip not found"
"35,39.961197,-82.9988,United States,Columbus"
"0,99.0,99.0,ip not found,ip not found"
"0,99.0,99.0,ip not found,ip not found"
"0,99.0,99.0,ip not found,ip not found"
"0,99.0,99.0,ip not found,ip not found"
"0,99.0,99.0,ip not found,ip not found"
"38,42.322296,-83.1763,United States,Dearborn"
"40,-33.925797,18.423203,South Africa,Cape Town"
"0,99.0,99.0,ip not found,ip not found"
"42,47.078903,-96.2514,United States,Ulen"
"0,99.0,99.0,ip not found,ip not found"
"44,47.078903,-96.2514,United States,Ulen"
"0,99.0,99.0,ip not found,ip not found"
"1,43.787506,7.2736053,France,Tourrette-levens"
"0,99.0,99.0,ip not found,ip not found"
"0,99.0,99.0,ip not found,ip not found"
"0,99.0,99.0,ip not found,ip not found"
"4,40.766205,-73.9862,United States,New York"
"6,23.1167,113.25,China,Guangzhou"
"8,50.4552,-104.6376,Canada,Regina"
"9,40.766205,-73.9862,United States,New York"
"0,99.0,99.0,ip not found,ip not found"
"0,99.0,99.0,ip not found,ip not found"
"0,99.0,99.0,ip not found,ip not found"
"0,99.0,99.0,ip not found,ip not found"
"0,99.0,99.0,ip not found,ip not found"
"3,42.113693,-87.7609,United States,Winnetka"
"0,99.0,99.0,ip not found,ip not found"
"5,32.807205,-117.1649,United States,San Diego"
"0,99.0,99.0,ip not found,ip not found"
"0,99.0,99.0,ip not found,ip not found"
"0,99.0,99.0,ip not found,ip not found"
"0,99.0,99.0,ip not found,ip not found"
"0,99.0,99.0,ip not found,ip not found"
"0,99.0,99.0,ip not found,ip not found"
"9,-34.983307,138.5167,Australia,Glenelg"
"10,51.482407,6.9747925,Germany,Essen"
"0,99.0,99.0,ip not found,ip not found"
"2,39.928894,116.388306,China,Beijing"
"0,99.0,99.0,ip not found,ip not found"
"0,99.0,99.0,ip not found,ip not found"
"5,47.078903,-96.2514,United States,Ulen"
"7,35.994003,-78.8986,United States,Durham"
"8,29.752304,-95.367,United States,Houston"
"0,99.0,99.0,ip not found,ip not found"
"1,40.868393,-82.3149,United States,Ashland"
"2,37.598495,126.9783,Korea Republic of,Seoul"
"0,99.0,99.0,ip not found,ip not found"
"0,99.0,99.0,ip not found,ip not found"
"0,99.0,99.0,ip not found,ip not found"
"1,40.551605,-74.4637,United States,Piscataway"
"2,40.868393,-82.3149,United States,Ashland"
"0,99.0,99.0,ip not found,ip not found"
"0,99.0,99.0,ip not found,ip not found"
"4,39.162003,-84.4569,United States,Cincinnati"
"5,45.315506,-75.837,Canada,Ottawa"
"0,99.0,99.0,ip not found,ip not found"
"7,39.928894,116.388306,China,Beijing"
"8,39.961197,-82.9988,United States,Columbus"
"10,34.6409,-110.1126,United States,Snowflake"
"12,17.375305,78.474396,India,Hyderabad"
"13,47.078903,-96.2514,United States,Ulen"
"14,35.7977,-78.6253,United States,Raleigh"
"17,39.961197,-82.9988,United States,Columbus"
"18,52.093796,5.119095,Netherlands,Utrecht"
"0,99.0,99.0,ip not found,ip not found"
"0,99.0,99.0,ip not found,ip not found"
"0,99.0,99.0,ip not found,ip not found"
"0,99.0,99.0,ip not found,ip not found"
"20,39.961197,-82.9988,United States,Columbus"
"0,99.0,99.0,ip not found,ip not found"
"23,40.735504,-74.1741,United States,Newark"
"0,99.0,99.0,ip not found,ip not found"
"0,99.0,99.0,ip not found,ip not found"
"0,99.0,99.0,ip not found,ip not found"
"26,41.141205,-73.2637,United States,Fairfield"
"0,99.0,99.0,ip not found,ip not found"
"28,50.4552,-104.6376,Canada,Regina"
"0,99.0,99.0,ip not found,ip not found"
"0,99.0,99.0,ip not found,ip not found"
"30,-33.925797,18.423203,South Africa,Cape Town"
"32,42.273407,-83.7133,United States,Ann Arbor"
"0,99.0,99.0,ip not found,ip not found"
"0,99.0,99.0,ip not found,ip not found"
"35,32.061707,118.7778,China,Nanjing"
"0,99.0,99.0,ip not found,ip not found"
"0,99.0,99.0,ip not found,ip not found"
"36,-0.21670532,-78.5,Ecuador,Quito"
"38,31.863907,117.28079,China,Hefei"
"39,44.433304,26.100006,Romania,Bucharest"
"0,99.0,99.0,ip not found,ip not found"
"41,39.089203,-77.1835,United States,Rockville"
"42,41.127106,-73.4416,United States,Norwalk"
"0,99.0,99.0,ip not found,ip not found"
"0,99.0,99.0,ip not found,ip not found"
"45,31.527298,-110.3607,United States,Fort Huachuca"
"47,38.893295,-77.0146,United States,Washington"
"49,38.897903,-77.0417,United States,Washington"
"0,99.0,99.0,ip not found,ip not found"
"0,99.0,99.0,ip not found,ip not found"
"0,99.0,99.0,ip not found,ip not found"
"51,31.527298,-110.3607,United States,Fort Huachuca"
"52,37.752106,-97.2782,United States,Wichita"
"0,99.0,99.0,ip not found,ip not found"
"55,-12.050003,-77.05,Peru,Lima"
"0,99.0,99.0,ip not found,ip not found"
"0,99.0,99.0,ip not found,ip not found"
"0,99.0,99.0,ip not found,ip not found"
"56,36.750305,-96.0705,United States,Bartlesville"
"57,34.6409,-110.1126,United States,Snowflake"
"59,47.300003,11.566696,Austria,Baumkirchen"
"0,99.0,99.0,ip not found,ip not found"
"0,99.0,99.0,ip not found,ip not found"
"0,99.0,99.0,ip not found,ip not found"
"64,31.753006,-94.194,United States,Center"
"0,99.0,99.0,ip not found,ip not found"
"0,99.0,99.0,ip not found,ip not found"
"0,99.0,99.0,ip not found,ip not found"
"67,37.376205,-122.1826,United States,Palo Alto"
"69,46.800003,10.516693,Italy,Spin"
"0,99.0,99.0,ip not found,ip not found"
"71,47.078903,-96.2514,United States,Ulen"
"0,99.0,99.0,ip not found,ip not found"
"0,99.0,99.0,ip not found,ip not found"
"0,99.0,99.0,ip not found,ip not found"
"73,55.298706,28.773895,Belarus,Gomel"
"75,48.916702,12.683304,Germany,Bogen"
"77,42.322296,-83.1763,United States,Dearborn"
"0,99.0,99.0,ip not found,ip not found"
"0,99.0,99.0,ip not found,ip not found"
"0,99.0,99.0,ip not found,ip not found"
"80,37.598495,126.9783,Korea Republic of,Seoul"
"82,25.0392,121.524994,Taiwan,Taipei"
"0,99.0,99.0,ip not found,ip not found"
"84,19.434204,-99.1386,Mexico,Mexico"
"0,99.0,99.0,ip not found,ip not found"
"0,99.0,99.0,ip not found,ip not found"
"89,39.961197,-82.9988,United States,Columbus"
"91,37.7269,112.470795,China,Taiyuan"
"0,99.0,99.0,ip not found,ip not found"
"0,99.0,99.0,ip not found,ip not found"
"0,99.0,99.0,ip not found,ip not found"
"0,99.0,99.0,ip not found,ip not found"
"0,99.0,99.0,ip not found,ip not found"
"0,99.0,99.0,ip not found,ip not found"
"0,99.0,99.0,ip not found,ip not found"
"99,38.884003,-77.0221,United States,Washington"
"100,51.482407,6.9747925,Germany,Essen"
"0,99.0,99.0,ip not found,ip not found"
"0,99.0,99.0,ip not found,ip not found"
"0,99.0,99.0,ip not found,ip not found"
"0,99.0,99.0,ip not found,ip not found"
"0,99.0,99.0,ip not found,ip not found"
"105,39.5645,-75.597,United States,Wilmington"
"0,99.0,99.0,ip not found,ip not found"
"0,99.0,99.0,ip not found,ip not found"
"107,40.764893,-111.8434,United States,Salt Lake City"
"108,39.5645,-75.597,United States,Wilmington"
"0,99.0,99.0,ip not found,ip not found"
"110,23.1167,113.25,China,Guangzhou"
"0,99.0,99.0,ip not found,ip not found"
"0,99.0,99.0,ip not found,ip not found"
"1,39.928894,116.388306,China,Beijing"
"2,34.6409,-110.1126,United States,Snowflake"
"4,39.961197,-82.9988,United States,Columbus"
"5,37.183395,-113.5999,United States,Saint George"
"7,41.141205,-73.2637,United States,Fairfield"
"0,99.0,99.0,ip not found,ip not found"
"0,99.0,99.0,ip not found,ip not found"
"1,-0.21670532,-78.5,Ecuador,Quito"
"0,99.0,99.0,ip not found,ip not found"
